<?xml version="1.0" encoding="UTF-8"?>
<testng-results skipped="0" failed="1" ignored="0" total="4" passed="3">
  <reporter-output>
  </reporter-output>
  <suite name="Inmar_Selenium" duration-ms="54454" started-at="2018-11-29T05:32:07Z" finished-at="2018-11-29T05:33:01Z">
    <groups>
    </groups>
    <test name="tests" duration-ms="54454" started-at="2018-11-29T05:32:07Z" finished-at="2018-11-29T05:33:01Z">
      <class name="tests.NewTab">
        <test-method status="PASS" signature="newTab(java.lang.reflect.Method)[pri:0, instance:tests.NewTab@1ef7fe8e]" name="newTab" duration-ms="16653" started-at="2018-11-29T11:02:44Z" finished-at="2018-11-29T11:03:01Z">
          <params>
            <param index="0">
              <value>
                <![CDATA[public void tests.NewTab.newTab(java.lang.reflect.Method) throws java.lang.InterruptedException]]>
              </value>
            </param>
          </params>
          <reporter-output>
          </reporter-output>
        </test-method> <!-- newTab -->
        <test-method status="PASS" signature="afterMethod(org.testng.ITestResult, java.lang.reflect.Method)[pri:0, instance:tests.NewTab@1ef7fe8e]" name="afterMethod" is-config="true" duration-ms="0" started-at="2018-11-29T11:03:01Z" finished-at="2018-11-29T11:03:01Z">
          <params>
            <param index="0">
              <value>
                <![CDATA[[TestResult name=newTab status=SUCCESS method=NewTab.newTab(java.lang.reflect.Method)[pri:0, instance:tests.NewTab@1ef7fe8e] output={null}]]]>
              </value>
            </param>
            <param index="1">
              <value>
                <![CDATA[public void tests.NewTab.newTab(java.lang.reflect.Method) throws java.lang.InterruptedException]]>
              </value>
            </param>
          </params>
          <reporter-output>
          </reporter-output>
        </test-method> <!-- afterMethod -->
      </class> <!-- tests.NewTab -->
      <class name="tests.HTMLTags">
        <test-method status="FAIL" signature="links(java.lang.reflect.Method)[pri:0, instance:tests.HTMLTags@de0a01f]" name="links" duration-ms="14654" started-at="2018-11-29T11:02:15Z" finished-at="2018-11-29T11:02:29Z">
          <params>
            <param index="0">
              <value>
                <![CDATA[public void tests.HTMLTags.links(java.lang.reflect.Method) throws java.lang.InterruptedException]]>
              </value>
            </param>
          </params>
          <exception class="org.openqa.selenium.NoSuchElementException">
            <message>
              <![CDATA[no such element: Unable to locate element: {"method":"xpath","selector":"test"}
  (Session info: chrome=70.0.3538.110)
  (Driver info: chromedriver=2.36.540470 (e522d04694c7ebea4ba8821272dbef4f9b818c91),platform=Windows NT 10.0.15063 x86_64) (WARNING: The server did not provide any stacktrace information)
Command duration or timeout: 31 milliseconds
For documentation on this error, please visit: http://seleniumhq.org/exceptions/no_such_element.html
Build info: version: '3.0.1', revision: '1969d75', time: '2016-10-18 09:49:13 -0700'
System info: host: 'smanchukon02pc', ip: '172.16.94.48', os.name: 'Windows 10', os.arch: 'amd64', os.version: '10.0', java.version: '1.8.0_172'
Driver info: org.openqa.selenium.chrome.ChromeDriver
Capabilities [{applicationCacheEnabled=false, rotatable=false, mobileEmulationEnabled=false, networkConnectionEnabled=false, chrome={chromedriverVersion=2.36.540470 (e522d04694c7ebea4ba8821272dbef4f9b818c91), userDataDir=C:\Users\SMANCH~1\AppData\Local\Temp\1\scoped_dir15256_18493}, takesHeapSnapshot=true, pageLoadStrategy=normal, databaseEnabled=false, handlesAlerts=true, hasTouchScreen=false, version=70.0.3538.110, platform=XP, browserConnectionEnabled=false, nativeEvents=true, acceptSslCerts=false, acceptInsecureCerts=false, locationContextEnabled=true, webStorageEnabled=true, browserName=chrome, takesScreenshot=true, javascriptEnabled=true, cssSelectorsEnabled=true, setWindowRect=true, unexpectedAlertBehaviour=}]
Session ID: 04718e2e4ff19648a0bc895c159a3249
*** Element info: {Using=xpath, value=test}]]>
            </message>
            <full-stacktrace>
              <![CDATA[org.openqa.selenium.NoSuchElementException: no such element: Unable to locate element: {"method":"xpath","selector":"test"}
  (Session info: chrome=70.0.3538.110)
  (Driver info: chromedriver=2.36.540470 (e522d04694c7ebea4ba8821272dbef4f9b818c91),platform=Windows NT 10.0.15063 x86_64) (WARNING: The server did not provide any stacktrace information)
Command duration or timeout: 31 milliseconds
For documentation on this error, please visit: http://seleniumhq.org/exceptions/no_such_element.html
Build info: version: '3.0.1', revision: '1969d75', time: '2016-10-18 09:49:13 -0700'
System info: host: 'smanchukon02pc', ip: '172.16.94.48', os.name: 'Windows 10', os.arch: 'amd64', os.version: '10.0', java.version: '1.8.0_172'
Driver info: org.openqa.selenium.chrome.ChromeDriver
Capabilities [{applicationCacheEnabled=false, rotatable=false, mobileEmulationEnabled=false, networkConnectionEnabled=false, chrome={chromedriverVersion=2.36.540470 (e522d04694c7ebea4ba8821272dbef4f9b818c91), userDataDir=C:\Users\SMANCH~1\AppData\Local\Temp\1\scoped_dir15256_18493}, takesHeapSnapshot=true, pageLoadStrategy=normal, databaseEnabled=false, handlesAlerts=true, hasTouchScreen=false, version=70.0.3538.110, platform=XP, browserConnectionEnabled=false, nativeEvents=true, acceptSslCerts=false, acceptInsecureCerts=false, locationContextEnabled=true, webStorageEnabled=true, browserName=chrome, takesScreenshot=true, javascriptEnabled=true, cssSelectorsEnabled=true, setWindowRect=true, unexpectedAlertBehaviour=}]
Session ID: 04718e2e4ff19648a0bc895c159a3249
*** Element info: {Using=xpath, value=test}
	at sun.reflect.NativeConstructorAccessorImpl.newInstance0(Native Method)
	at sun.reflect.NativeConstructorAccessorImpl.newInstance(Unknown Source)
	at sun.reflect.DelegatingConstructorAccessorImpl.newInstance(Unknown Source)
	at java.lang.reflect.Constructor.newInstance(Unknown Source)
	at org.openqa.selenium.remote.ErrorHandler.createThrowable(ErrorHandler.java:216)
	at org.openqa.selenium.remote.ErrorHandler.throwIfResponseFailed(ErrorHandler.java:168)
	at org.openqa.selenium.remote.RemoteWebDriver.execute(RemoteWebDriver.java:635)
	at org.openqa.selenium.remote.RemoteWebDriver.findElement(RemoteWebDriver.java:368)
	at org.openqa.selenium.remote.RemoteWebDriver.findElementByXPath(RemoteWebDriver.java:473)
	at org.openqa.selenium.By$ByXPath.findElement(By.java:361)
	at org.openqa.selenium.remote.RemoteWebDriver.findElement(RemoteWebDriver.java:360)
	at tests.HTMLTags.links(HTMLTags.java:33)
	at sun.reflect.NativeMethodAccessorImpl.invoke0(Native Method)
	at sun.reflect.NativeMethodAccessorImpl.invoke(Unknown Source)
	at sun.reflect.DelegatingMethodAccessorImpl.invoke(Unknown Source)
	at java.lang.reflect.Method.invoke(Unknown Source)
	at org.testng.internal.MethodInvocationHelper.invokeMethod(MethodInvocationHelper.java:104)
	at org.testng.internal.Invoker.invokeMethod(Invoker.java:645)
	at org.testng.internal.Invoker.invokeTestMethod(Invoker.java:851)
	at org.testng.internal.Invoker.invokeTestMethods(Invoker.java:1177)
	at org.testng.internal.TestMethodWorker.invokeTestMethods(TestMethodWorker.java:129)
	at org.testng.internal.TestMethodWorker.run(TestMethodWorker.java:112)
	at org.testng.TestRunner.privateRun(TestRunner.java:756)
	at org.testng.TestRunner.run(TestRunner.java:610)
	at org.testng.SuiteRunner.runTest(SuiteRunner.java:387)
	at org.testng.SuiteRunner.runSequentially(SuiteRunner.java:382)
	at org.testng.SuiteRunner.privateRun(SuiteRunner.java:340)
	at org.testng.SuiteRunner.run(SuiteRunner.java:289)
	at org.testng.SuiteRunnerWorker.runSuite(SuiteRunnerWorker.java:52)
	at org.testng.SuiteRunnerWorker.run(SuiteRunnerWorker.java:86)
	at org.testng.TestNG.runSuitesSequentially(TestNG.java:1293)
	at org.testng.TestNG.runSuitesLocally(TestNG.java:1218)
	at org.testng.TestNG.runSuites(TestNG.java:1133)
	at org.testng.TestNG.run(TestNG.java:1104)
	at tests.TestMain.main(TestMain.java:17)
]]>
            </full-stacktrace>
          </exception> <!-- org.openqa.selenium.NoSuchElementException -->
          <reporter-output>
          </reporter-output>
        </test-method> <!-- links -->
        <test-method status="PASS" signature="afterMethod(org.testng.ITestResult, java.lang.reflect.Method)[pri:0, instance:tests.HTMLTags@de0a01f]" name="afterMethod" is-config="true" duration-ms="331" started-at="2018-11-29T11:02:29Z" finished-at="2018-11-29T11:02:30Z">
          <params>
            <param index="0">
              <value>
                <![CDATA[[TestResult name=links status=FAILURE method=HTMLTags.links(java.lang.reflect.Method)[pri:0, instance:tests.HTMLTags@de0a01f] output={null}]]]>
              </value>
            </param>
            <param index="1">
              <value>
                <![CDATA[public void tests.HTMLTags.links(java.lang.reflect.Method) throws java.lang.InterruptedException]]>
              </value>
            </param>
          </params>
          <reporter-output>
          </reporter-output>
        </test-method> <!-- afterMethod -->
      </class> <!-- tests.HTMLTags -->
      <class name="tests.ImplicitExplicitWaits">
        <test-method status="PASS" signature="title(java.lang.reflect.Method)[pri:0, instance:tests.ImplicitExplicitWaits@4c75cab9]" name="title" duration-ms="14712" started-at="2018-11-29T11:02:30Z" finished-at="2018-11-29T11:02:44Z">
          <params>
            <param index="0">
              <value>
                <![CDATA[public void tests.ImplicitExplicitWaits.title(java.lang.reflect.Method) throws java.lang.InterruptedException]]>
              </value>
            </param>
          </params>
          <reporter-output>
          </reporter-output>
        </test-method> <!-- title -->
        <test-method status="PASS" signature="afterMethod(org.testng.ITestResult, java.lang.reflect.Method)[pri:0, instance:tests.ImplicitExplicitWaits@4c75cab9]" name="afterMethod" is-config="true" duration-ms="1" started-at="2018-11-29T11:02:44Z" finished-at="2018-11-29T11:02:44Z">
          <params>
            <param index="0">
              <value>
                <![CDATA[[TestResult name=title status=SUCCESS method=ImplicitExplicitWaits.title(java.lang.reflect.Method)[pri:0, instance:tests.ImplicitExplicitWaits@4c75cab9] output={null}]]]>
              </value>
            </param>
            <param index="1">
              <value>
                <![CDATA[public void tests.ImplicitExplicitWaits.title(java.lang.reflect.Method) throws java.lang.InterruptedException]]>
              </value>
            </param>
          </params>
          <reporter-output>
          </reporter-output>
        </test-method> <!-- afterMethod -->
      </class> <!-- tests.ImplicitExplicitWaits -->
      <class name="tests.Title">
        <test-method status="PASS" signature="title(java.lang.reflect.Method)[pri:0, instance:tests.Title@12bc6874]" name="title" duration-ms="8082" started-at="2018-11-29T11:02:07Z" finished-at="2018-11-29T11:02:15Z">
          <params>
            <param index="0">
              <value>
                <![CDATA[public void tests.Title.title(java.lang.reflect.Method) throws java.lang.InterruptedException]]>
              </value>
            </param>
          </params>
          <reporter-output>
          </reporter-output>
        </test-method> <!-- title -->
        <test-method status="PASS" signature="afterMethod(org.testng.ITestResult, java.lang.reflect.Method)[pri:0, instance:tests.Title@12bc6874]" name="afterMethod" is-config="true" duration-ms="1" started-at="2018-11-29T11:02:15Z" finished-at="2018-11-29T11:02:15Z">
          <params>
            <param index="0">
              <value>
                <![CDATA[[TestResult name=title status=SUCCESS method=Title.title(java.lang.reflect.Method)[pri:0, instance:tests.Title@12bc6874] output={null}]]]>
              </value>
            </param>
            <param index="1">
              <value>
                <![CDATA[public void tests.Title.title(java.lang.reflect.Method) throws java.lang.InterruptedException]]>
              </value>
            </param>
          </params>
          <reporter-output>
          </reporter-output>
        </test-method> <!-- afterMethod -->
      </class> <!-- tests.Title -->
    </test> <!-- tests -->
  </suite> <!-- Inmar_Selenium -->
</testng-results>
